============================================================
PropEdge V10.0 — BATCH 3: PREDICT
  Date: 2026-04-01 | 2026-04-01 21:30 BST
============================================================

  Fetching props for 2026-04-01 (Batch 3)...
    Window: 2026-04-01T03:00:00Z → 2026-04-02T05:00:00Z (UTC, anchored to ET midnight)
============================================================
PropEdge V10.0 — BATCH 3: PREDICT
  Date: 2026-04-02 | 2026-04-02 21:30 BST
============================================================

  Fetching props for 2026-04-02 (Batch 3)...
    Window: 2026-04-02T03:00:00Z → 2026-04-03T05:00:00Z (UTC, anchored to ET midnight)
    Credits: 19057 events
    6 games on 2026-04-02
    Credits: 19054 
    ✓ PHX @ CHA: 15 props
    ✗ Minnesota Timberwolves @ Detroit Pistons: 503 Server Error: Service Unavailable for url: https://api.the-odds-api.com/v4/sports/basketball_nba/events/b70520c84d1db67fb83d5d3666ef1d46/odds?apiKey=a77b14b513399a472139e58390aac514&regions=us&markets=player_points%2Cspreads%2Ctotals&oddsFormat=american&dateFormat=iso
    Credits: 19045 
    ✓ LAL @ OKC: 14 props
    Credits: 19039 
    ✓ CLE @ GSW: 12 props
    Credits: 19033 
    ✓ NOP @ POR: 14 props
    Credits: 19027 
    ✓ SAS @ LAC: 8 props
  Total: 63 props across 6 games
  ✓ Excel updated: PropEdge_-_Match_and_Player_Prop_lines_.xlsx
    Player_Points_Props : 16,415 → 16,415 rows (+0)
    Team_Spreads_Totals : 1,400 → 1,400 rows (+0)

  Running V10.0 predictions...
    Building B2B delta + dynamic DVP caches...
    Segment model: 3 tiers
  63 predictions (58 conviction + 5 leans, 0 skipped)

  ✓ today.json: 85 plays (9 T1, 12 T2)
    Added:0 Updated:63 Preserved:22
  ✓ Git push: B3: 2026-04-02 — 63 plays
============================================================
PropEdge V10.0 — BATCH 3: PREDICT
  Date: 2026-04-03 | 2026-04-03 21:30 BST
============================================================

  Fetching props for 2026-04-03 (Batch 3)...
    Window: 2026-04-03T03:00:00Z → 2026-04-04T05:00:00Z (UTC, anchored to ET midnight)
============================================================
PropEdge V10.0 — BATCH 3: PREDICT
  Date: 2026-04-04 | 2026-04-04 21:32 BST
============================================================

  Fetching props for 2026-04-04 (Batch 3)...
    Window: 2026-04-04T03:00:00Z → 2026-04-05T05:00:00Z (UTC, anchored to ET midnight)
    Credits: 18514 events
    3 games on 2026-04-04
    Credits: 18511 
    ✓ WAS @ MIA: 11 props
    Credits: 18505 
    ✓ SAS @ DEN: 14 props
    Credits: 18496 
    ✓ DET @ PHI: 13 props
  Total: 38 props across 3 games
  ✓ Excel updated: PropEdge_-_Match_and_Player_Prop_lines_.xlsx
    Player_Points_Props : 16,564 → 16,567 rows (+3)
    Team_Spreads_Totals : 1,412 → 1,412 rows (+0)

  Running V10.0 predictions...
    Building B2B delta + dynamic DVP caches...
    Segment model: 3 tiers
  37 predictions (35 conviction + 2 leans, 1 skipped)
    Skips: 1 no_player

  ✓ today.json: 42 plays (10 T1, 2 T2)
    Added:3 Updated:34 Preserved:5
  ✓ Git push: B3: 2026-04-04 — 37 plays
